Using pre-set license
Built from '2020.3/release' branch; Version is '2020.3.7f1 (dd97f2c94397) revision 14522354'; Using compiler version '192528614'; Build Type 'Release'
OS: 'Windows 10 Home; OS build 19043.1237; Version 2009; 64bit' Language: 'en' Physical Memory: 8027 MB
BatchMode: 1, IsHumanControllingUs: 0, StartBugReporterOnCrash: 0, Is64bit: 1, IsPro: 0

 COMMAND LINE ARGUMENTS:
D:\Program Files\Unity\Hub\Editor\2020.3.7f1\Editor\Unity.exe
-adb2
-batchMode
-noUpm
-name
AssetImportWorker0
-projectPath
D:/ATTA/NeoNoumena-old/OldNeoNoumenaProject/NeoNoumena-old
-logFile
Logs/AssetImportWorker0.log
-srvPort
51592
Successfully changed project path to: D:/ATTA/NeoNoumena-old/OldNeoNoumenaProject/NeoNoumena-old
D:/ATTA/NeoNoumena-old/OldNeoNoumenaProject/NeoNoumena-old
Using Asset Import Pipeline V2.
Refreshing native plugins compatible for Editor in 22.75 ms, found 0 plugins.
Preloading 0 native plugins for Editor in 0.00 ms.
Initialize engine version: 2020.3.7f1 (dd97f2c94397)
[Subsystems] Discovering subsystems at path D:/Program Files/Unity/Hub/Editor/2020.3.7f1/Editor/Data/Resources/UnitySubsystems
[Subsystems] Discovering subsystems at path D:/ATTA/NeoNoumena-old/OldNeoNoumenaProject/NeoNoumena-old/Assets
GfxDevice: creating device client; threaded=0
Direct3D:
    Version:  Direct3D 11.0 [level 11.1]
    Renderer: NVIDIA GeForce GTX 1080 (ID=0x1b80)
    Vendor:   
    VRAM:     8079 MB
    Driver:   30.0.14.7111
Initialize mono
Mono path[0] = 'D:/Program Files/Unity/Hub/Editor/2020.3.7f1/Editor/Data/Managed'
Mono path[1] = 'D:/Program Files/Unity/Hub/Editor/2020.3.7f1/Editor/Data/MonoBleedingEdge/lib/mono/unityjit'
Mono config path = 'D:/Program Files/Unity/Hub/Editor/2020.3.7f1/Editor/Data/MonoBleedingEdge/etc'
Using monoOptions --debugger-agent=transport=dt_socket,embedding=1,server=y,suspend=n,address=127.0.0.1:56984
Begin MonoManager ReloadAssembly
Registering precompiled unity dll's ...
Register platform support module: D:/Program Files/Unity/Hub/Editor/2020.3.7f1/Editor/Data/PlaybackEngines/WebGLSupport/UnityEditor.WebGL.Extensions.dll
Register platform support module: D:/Program Files/Unity/Hub/Editor/2020.3.7f1/Editor/Data/PlaybackEngines/WindowsStandaloneSupport/UnityEditor.WindowsStandalone.Extensions.dll
Registered in 0.001721 seconds.
Native extension for WindowsStandalone target not found
Native extension for WebGL target not found
Refreshing native plugins compatible for Editor in 25.91 ms, found 0 plugins.
Preloading 0 native plugins for Editor in 0.00 ms.
Mono: successfully reloaded assembly
- Completed reload, in  4.568 seconds
Platform modules already initialized, skipping
Registering precompiled user dll's ...
Registered in 0.000693 seconds.
Begin MonoManager ReloadAssembly
Native extension for WindowsStandalone target not found
Native extension for WebGL target not found
Refreshing native plugins compatible for Editor in 0.26 ms, found 0 plugins.
Preloading 0 native plugins for Editor in 0.00 ms.
[ScriptCompilation] NOT recompiling all scripts because this is an import worker process. Reason to compile was: Define symbols changed
Mono: successfully reloaded assembly
- Completed reload, in  0.900 seconds
Platform modules already initialized, skipping
========================================================================
Worker process is ready to serve import requests
Launched and connected shader compiler UnityShaderCompiler.exe after 0.04 seconds
Refreshing native plugins compatible for Editor in 0.26 ms, found 0 plugins.
Preloading 0 native plugins for Editor in 0.00 ms.
Unloading 1383 Unused Serialized files (Serialized files now loaded: 0)
System memory in use before: 63.9 MB.
System memory in use after: 63.9 MB.

Unloading 11 unused Assets to reduce memory usage. Loaded Objects now: 1824.
Total: 1.948800 ms (FindLiveObjects: 0.251900 ms CreateObjectMapping: 0.132800 ms MarkObjects: 1.462800 ms  DeleteObjects: 0.100500 ms)

========================================================================
Received Import Request.
  path: Assets/ProtoNoumena.prefab
  artifactKey: Guid(925544d065a7678419d8b924160dc5f4) Importer(815301076,1909f56bfc062723c751e8b465ee728b)
Start importing Assets/ProtoNoumena.prefab using Guid(925544d065a7678419d8b924160dc5f4) Importer(815301076,1909f56bfc062723c751e8b465ee728b)  -> (artifact id: '439ec4d003fb75d8f9c349c809b73b35') in 0.348476 seconds
  Import took 0.351245 seconds .

========================================================================
Received Import Request.
  Time since last request: 0.000247 seconds.
  path: Assets/SadStarExp.asset
  artifactKey: Guid(25c956c4224343546b5888e868af1424) Importer(815301076,1909f56bfc062723c751e8b465ee728b)
Start importing Assets/SadStarExp.asset using Guid(25c956c4224343546b5888e868af1424) Importer(815301076,1909f56bfc062723c751e8b465ee728b)  -> (artifact id: '4e19d6dacaf279a2215f20adfb862d65') in 0.299495 seconds
  Import took 0.301677 seconds .

========================================================================
Received Import Request.
  Time since last request: 0.000167 seconds.
  path: Assets/ExportedStar.obj
  artifactKey: Guid(cc16c7320f720f849bece245037dd548) Importer(815301076,1909f56bfc062723c751e8b465ee728b)
Start importing Assets/ExportedStar.obj using Guid(cc16c7320f720f849bece245037dd548) Importer(815301076,1909f56bfc062723c751e8b465ee728b)  -> (artifact id: '3ef904bc0714b9383c90e9030688aecb') in 0.167744 seconds
  Import took 0.170254 seconds .

========================================================================
Received Import Request.
  Time since last request: 0.000246 seconds.
  path: Assets/Beam Light.prefab
  artifactKey: Guid(09659d8cdc202914585c40af7227b46d) Importer(815301076,1909f56bfc062723c751e8b465ee728b)
Start importing Assets/Beam Light.prefab using Guid(09659d8cdc202914585c40af7227b46d) Importer(815301076,1909f56bfc062723c751e8b465ee728b)  -> (artifact id: '828a9e519b00a88ed0136094b4b10f00') in 0.007759 seconds
  Import took 0.010176 seconds .

AssetImportWorkerClient::OnTransportError - code=2 error=End of file
